<?xml version="1.0" encoding="UTF-8"?>
<!-- Generated by org.testng.reporters.JUnitReportReporter -->
<testsuite hostname="Kaushiks-MacBook.local" failures="0" tests="1" name="TestScripts.DriverScriptTest" time="23.371" errors="0" timestamp="19 Oct 2018 01:13:40 GMT" skipped="0">
  <testcase classname="TestScripts.DriverScriptTest" name="mainmethod" time="23.371"/>
</testsuite> <!-- TestScripts.DriverScriptTest -->
